<?xml version="1.0" encoding="UTF-8"?>
<testsuite name="CalculateAndDisplayTest" tests="3" skipped="0" failures="0" errors="0" timestamp="2021-04-07T09:03:04" hostname="DESKTOP-HL7TASU" time="0.033">
  <properties/>
  <testcase name="calculationTest()" classname="CalculateAndDisplayTest" time="0.024"/>
  <testcase name="powerOfTest()" classname="CalculateAndDisplayTest" time="0.0"/>
  <testcase name="displayMortageTest()" classname="CalculateAndDisplayTest" time="0.004"/>
  <system-out><![CDATA[Claes Månsson wants to borrow 1300.55€ for a period of 2 years and pay 59.22€ each month
]]></system-out>
  <system-err><![CDATA[]]></system-err>
</testsuite>
